0 info it worked if it ends with ok
1 verbose cli [ '/Users/francois/.nvm/versions/node/v5.0.0/bin/node',
1 verbose cli   '/Users/francois/.nvm/versions/node/v5.0.0/bin/npm',
1 verbose cli   'i',
1 verbose cli   '/Users/francois/Projects/Projects/react-native-test/' ]
2 info using npm@3.8.6
3 info using node@v5.0.0
4 silly loadCurrentTree Starting
5 silly install loadCurrentTree
6 silly install readLocalPackageData
7 silly fetchPackageMetaData /Users/francois/Projects/Projects/react-native-test/
8 silly fetchOtherPackageData /Users/francois/Projects/Projects/react-native-test/
9 silly cache add args [ '/Users/francois/Projects/Projects/react-native-test/', null ]
10 verbose cache add spec /Users/francois/Projects/Projects/react-native-test/
11 silly cache add parsed spec Result {
11 silly cache add   raw: '/Users/francois/Projects/Projects/react-native-test/',
11 silly cache add   scope: null,
11 silly cache add   name: null,
11 silly cache add   rawSpec: '/Users/francois/Projects/Projects/react-native-test/',
11 silly cache add   spec: '/Users/francois/Projects/Projects/react-native-test',
11 silly cache add   type: 'local' }
12 error addLocal Could not install /Users/francois/Projects/Projects/react-native-test
13 silly fetchPackageMetaData Error: ENOENT: no such file or directory, open '/Users/francois/Projects/Projects/react-native-test'
13 silly fetchPackageMetaData     at Error (native)
13 silly fetchPackageMetaData  error for /Users/francois/Projects/Projects/react-native-test/ { [Error: ENOENT: no such file or directory, open '/Users/francois/Projects/Projects/react-native-test']
13 silly fetchPackageMetaData   errno: -2,
13 silly fetchPackageMetaData   code: 'ENOENT',
13 silly fetchPackageMetaData   syscall: 'open',
13 silly fetchPackageMetaData   path: '/Users/francois/Projects/Projects/react-native-test' }
14 silly rollbackFailedOptional Starting
15 silly rollbackFailedOptional Finishing
16 silly runTopLevelLifecycles Starting
17 silly runTopLevelLifecycles Finishing
18 silly install printInstalled
19 verbose stack Error: ENOENT: no such file or directory, open '/Users/francois/Projects/Projects/react-native-test'
19 verbose stack     at Error (native)
20 verbose cwd /Users/francois/Projects/Projects/redtea
21 error Darwin 15.6.0
22 error argv "/Users/francois/.nvm/versions/node/v5.0.0/bin/node" "/Users/francois/.nvm/versions/node/v5.0.0/bin/npm" "i" "/Users/francois/Projects/Projects/react-native-test/"
23 error node v5.0.0
24 error npm  v3.8.6
25 error path /Users/francois/Projects/Projects/react-native-test
26 error code ENOENT
27 error errno -2
28 error syscall open
29 error enoent ENOENT: no such file or directory, open '/Users/francois/Projects/Projects/react-native-test'
30 error enoent ENOENT: no such file or directory, open '/Users/francois/Projects/Projects/react-native-test'
30 error enoent This is most likely not a problem with npm itself
30 error enoent and is related to npm not being able to find a file.
31 verbose exit [ -2, true ]
